#
# There is insufficient memory for the Java Runtime Environment to continue.
# Native memory allocation (mmap) failed to map 232783872 bytes for G1 virtual space
# Possible reasons:
#   The system is out of physical RAM or swap space
#   The process is running with CompressedOops enabled, and the Java Heap may be blocking the growth of the native heap
# Possible solutions:
#   Reduce memory load on the system
#   Increase physical memory or swap space
#   Check if swap backing store is full
#   Decrease Java heap size (-Xmx/-Xms)
#   Decrease number of Java threads
#   Decrease Java thread stack sizes (-Xss)
#   Set larger code cache with -XX:ReservedCodeCacheSize=
#   JVM is running with Zero Based Compressed Oops mode in which the Java heap is
#     placed in the first 32GB address space. The Java Heap base address is the
#     maximum limit for the native heap growth. Please use -XX:HeapBaseMinAddress
#     to set the Java Heap base and to place the Java Heap above 32GB virtual address.
# This output file may be truncated or incomplete.
#
#  Out of Memory Error (os_windows.cpp:3769), pid=10704, tid=2156
#
# JRE version:  (17.0.6) (build )
# Java VM: OpenJDK 64-Bit Server VM (17.0.6+0-b2043.56-10027231, mixed mode, sharing, tiered, compressed oops, compressed class ptrs, g1 gc, windows-amd64)
# No core dump will be written. Minidumps are not enabled by default on client versions of Windows
#

---------------  S U M M A R Y ------------

Command Line: git4idea.http.GitAskPassApp Username for 'https://gitee.com': 

Host: AMD Ryzen 7 5800H with Radeon Graphics         , 16 cores, 13G,  Windows 11 , 64 bit Build 22621 (10.0.22621.2428)
Time: Mon Oct 30 20:57:22 2023  Windows 11 , 64 bit Build 22621 (10.0.22621.2428) elapsed time: 0.013819 seconds (0d 0h 0m 0s)

---------------  T H R E A D  ---------------

Current thread (0x0000025bd5ea9ea0):  JavaThread "Unknown thread" [_thread_in_vm, id=2156, stack(0x000000ec40900000,0x000000ec40a00000)]

Stack: [0x000000ec40900000,0x000000ec40a00000]
Native frames: (J=compiled Java code, j=interpreted, Vv=VM code, C=native code)
V  [jvm.dll+0x683c9a]
V  [jvm.dll+0x8427a4]
V  [jvm.dll+0x843f9e]
V  [jvm.dll+0x844603]
V  [jvm.dll+0x249b75]
V  [jvm.dll+0x680b69]
V  [jvm.dll+0x67505a]
V  [jvm.dll+0x309acb]
V  [jvm.dll+0x310f86]
V  [jvm.dll+0x3608ee]
V  [jvm.dll+0x360b1f]
V  [jvm.dll+0x2dfbf8]
V  [jvm.dll+0x2e0b64]
V  [jvm.dll+0x814091]
V  [jvm.dll+0x36e6a1]
V  [jvm.dll+0x7f35cc]
V  [jvm.dll+0x3f0e8f]
V  [jvm.dll+0x3f29d1]
C  [jli.dll+0x526b]
C  [ucrtbase.dll+0x29363]
C  [KERNEL32.DLL+0x1257d]
C  [ntdll.dll+0x5aa78]


---------------  P R O C E S S  ---------------

Threads class SMR info:
_java_thread_list=0x00007ff94db0c058, length=0, elements={
}

Java Threads: ( => current thread )

Other Threads:
  0x0000025bd5f0bc50 GCTaskThread "GC Thread#0" [stack: 0x000000ec40a00000,0x000000ec40b00000] [id=19548]
  0x0000025bd5f1a960 ConcurrentGCThread "G1 Main Marker" [stack: 0x000000ec40b00000,0x000000ec40c00000] [id=18848]
  0x0000025bd5f1db20 ConcurrentGCThread "G1 Conc#0" [stack: 0x000000ec40c00000,0x000000ec40d00000] [id=23760]

[error occurred during error reporting (printing all threads), id 0xc0000005, EXCEPTION_ACCESS_VIOLATION (0xc0000005) at pc=0x00007ff94d2c0797]

VM state: not at safepoint (not fully initialized)

VM Mutex/Monitor currently owned by a thread:  ([mutex/lock_event])
[0x0000025bd5ea4310] Heap_lock - owner thread: 0x0000025bd5ea9ea0

Heap address: 0x0000000722200000, size: 3550 MB, Compressed Oops mode: Zero based, Oop shift amount: 3

CDS archive(s) mapped at: [0x0000000000000000-0x0000000000000000-0x0000000000000000), size 0, SharedBaseAddress: 0x0000000800000000, ArchiveRelocationMode: 0.
Narrow klass base: 0x0000000000000000, Narrow klass shift: 0, Narrow klass range: 0x0

GC Precious Log:
<Empty>

Heap:
 garbage-first heap   total 0K, used 0K [0x0000000722200000, 0x0000000800000000)
  region size 2048K, 0 young (0K), 0 survivors (0K)

[error occurred during error reporting (printing heap information), id 0xc0000005, EXCEPTION_ACCESS_VIOLATION (0xc0000005) at pc=0x00007ff94d6ada89]

GC Heap History (0 events):
No events

Dll operation events (1 events):
Event: 0.009 Loaded shared library D:\android_studio\jbr\bin\java.dll

Deoptimization events (0 events):
No events

Classes unloaded (0 events):
No events

Classes redefined (0 events):
No events

Internal exceptions (0 events):
No events

VM Operations (0 events):
No events

Events (0 events):
No events


Dynamic libraries:
0x00007ff60f590000 - 0x00007ff60f59a000 	D:\android_studio\jbr\bin\java.exe
0x00007ff9b6f70000 - 0x00007ff9b7187000 	C:\WINDOWS\SYSTEM32\ntdll.dll
0x00007ff9b54b0000 - 0x00007ff9b5574000 	C:\WINDOWS\System32\KERNEL32.DLL
0x00007ff9b4390000 - 0x00007ff9b4736000 	C:\WINDOWS\System32\KERNELBASE.dll
0x00007ff9b49a0000 - 0x00007ff9b4ab1000 	C:\WINDOWS\System32\ucrtbase.dll
0x00007ff988440000 - 0x00007ff98845b000 	D:\android_studio\jbr\bin\VCRUNTIME140.dll
0x00007ff9a32d0000 - 0x00007ff9a32e7000 	D:\android_studio\jbr\bin\jli.dll
0x00007ff9b4d10000 - 0x00007ff9b4ebd000 	C:\WINDOWS\System32\USER32.dll
0x00007ff9b48b0000 - 0x00007ff9b48d6000 	C:\WINDOWS\System32\win32u.dll
0x00007ff9b6160000 - 0x00007ff9b6189000 	C:\WINDOWS\System32\GDI32.dll
0x00007ff9b4ac0000 - 0x00007ff9b4bd8000 	C:\WINDOWS\System32\gdi32full.dll
0x00007ff9985f0000 - 0x00007ff998883000 	C:\WINDOWS\WinSxS\amd64_microsoft.windows.common-controls_6595b64144ccf1df_6.0.22621.2361_none_2712ced57382f843\COMCTL32.dll
0x00007ff9b42f0000 - 0x00007ff9b438a000 	C:\WINDOWS\System32\msvcp_win.dll
0x00007ff9b4f20000 - 0x00007ff9b4fc7000 	C:\WINDOWS\System32\msvcrt.dll
0x00007ff9b4cd0000 - 0x00007ff9b4d01000 	C:\WINDOWS\System32\IMM32.DLL
0x00007ff997430000 - 0x00007ff99743c000 	D:\android_studio\jbr\bin\vcruntime140_1.dll
0x00007ff91a220000 - 0x00007ff91a2ad000 	D:\android_studio\jbr\bin\msvcp140.dll
0x00007ff94cfd0000 - 0x00007ff94dc3e000 	D:\android_studio\jbr\bin\server\jvm.dll
0x00007ff9b6cc0000 - 0x00007ff9b6d70000 	C:\WINDOWS\System32\ADVAPI32.dll
0x00007ff9b6840000 - 0x00007ff9b68e6000 	C:\WINDOWS\System32\sechost.dll
0x00007ff9b6df0000 - 0x00007ff9b6f07000 	C:\WINDOWS\System32\RPCRT4.dll
0x00007ff9ab7d0000 - 0x00007ff9ab804000 	C:\WINDOWS\SYSTEM32\WINMM.dll
0x00007ff99de50000 - 0x00007ff99de59000 	C:\WINDOWS\SYSTEM32\WSOCK32.dll
0x00007ff9a8e90000 - 0x00007ff9a8e9a000 	C:\WINDOWS\SYSTEM32\VERSION.dll
0x00007ff9b5f60000 - 0x00007ff9b5fd1000 	C:\WINDOWS\System32\WS2_32.dll
0x00007ff9b3330000 - 0x00007ff9b3348000 	C:\WINDOWS\SYSTEM32\kernel.appcore.dll
0x00007ff9b0f10000 - 0x00007ff9b0f1a000 	D:\android_studio\jbr\bin\jimage.dll
0x00007ff9b1ce0000 - 0x00007ff9b1f0e000 	C:\WINDOWS\SYSTEM32\DBGHELP.DLL
0x00007ff9b4fd0000 - 0x00007ff9b535a000 	C:\WINDOWS\System32\combase.dll
0x00007ff9b6070000 - 0x00007ff9b6147000 	C:\WINDOWS\System32\OLEAUT32.dll
0x00007ff9a0100000 - 0x00007ff9a0132000 	C:\WINDOWS\SYSTEM32\dbgcore.DLL
0x00007ff9b4be0000 - 0x00007ff9b4c5a000 	C:\WINDOWS\System32\bcryptPrimitives.dll
0x00007ff9adef0000 - 0x00007ff9adf15000 	D:\android_studio\jbr\bin\java.dll

dbghelp: loaded successfully - version: 4.0.5 - missing functions: none
symbol engine: initialized successfully - sym options: 0x614 - pdb path: .;D:\android_studio\jbr\bin;C:\WINDOWS\SYSTEM32;C:\WINDOWS\WinSxS\amd64_microsoft.windows.common-controls_6595b64144ccf1df_6.0.22621.2361_none_2712ced57382f843;D:\android_studio\jbr\bin\server

VM Arguments:
java_command: git4idea.http.GitAskPassApp Username for 'https://gitee.com': 
java_class_path (initial): D:/android_studio/plugins/vcs-git/lib/git4idea-rt.jar;D:/android_studio/lib/externalProcess-rt.jar;D:/android_studio/lib/app.jar;D:/android_studio/lib/3rd-party-rt.jar
Launcher Type: SUN_STANDARD

[Global flags]
     intx CICompilerCount                          = 12                                        {product} {ergonomic}
     uint ConcGCThreads                            = 3                                         {product} {ergonomic}
     uint G1ConcRefinementThreads                  = 13                                        {product} {ergonomic}
   size_t G1HeapRegionSize                         = 2097152                                   {product} {ergonomic}
    uintx GCDrainStackTargetSize                   = 64                                        {product} {ergonomic}
   size_t InitialHeapSize                          = 232783872                                 {product} {ergonomic}
   size_t MarkStackSize                            = 4194304                                   {product} {ergonomic}
   size_t MaxHeapSize                              = 3722444800                                {product} {ergonomic}
   size_t MinHeapDeltaBytes                        = 2097152                                   {product} {ergonomic}
   size_t MinHeapSize                              = 8388608                                   {product} {ergonomic}
    uintx NonNMethodCodeHeapSize                   = 7602480                                {pd product} {ergonomic}
    uintx NonProfiledCodeHeapSize                  = 122027880                              {pd product} {ergonomic}
    uintx ProfiledCodeHeapSize                     = 122027880                              {pd product} {ergonomic}
    uintx ReservedCodeCacheSize                    = 251658240                              {pd product} {ergonomic}
     bool SegmentedCodeCache                       = true                                      {product} {ergonomic}
   size_t SoftMaxHeapSize                          = 3722444800                             {manageable} {ergonomic}
     bool UseCompressedClassPointers               = true                           {product lp64_product} {ergonomic}
     bool UseCompressedOops                        = true                           {product lp64_product} {ergonomic}
     bool UseG1GC                                  = true                                      {product} {ergonomic}
     bool UseLargePagesIndividualAllocation        = false                                  {pd product} {ergonomic}

Logging:
Log output configuration:
 #0: stdout all=warning uptime,level,tags
 #1: stderr all=off uptime,level,tags

Environment Variables:
JAVA_HOME=C:\Program Files\Eclipse Adoptium\jdk-17.0.6.10-hotspot
PATH=C:\Program Files\Git\mingw64\libexec\git-core;C:\Program Files\Git\mingw64\libexec\git-core;C:\Program Files\Git\mingw64\bin;C:\Program Files\Git\usr\bin;C:\Users\86182\bin;D:\bin;C:\Program Files\Eclipse Adoptium\jdk-17.0.6.10-hotspot\bin;C:\Program Files\Common Files\Oracle\Java\javapath;C:\Windows\System32;C:\Windows;C:\Windows\System32\wbem;C:\Windows\System32\WindowsPowerShell\v1.0;C:\Windows\System32\OpenSSH;D:\Drivers\matlab\bin;C:\Program Files (x86)\GnuPG\bin;C:\Program Files\Git\cmd;C:\Users\86182\.vscode\mingw64\bin;D:\LenovoSoftstore\Install\DevC\MinGW64\bin;C:\Users\86182\AppData\Local\Programs\Python\Python310;C:\Users\86182\AppData\Local\Programs\Python\Python310\Scripts;D:\learntools\openssl;D:\Program Files\Nox\bin;C:\Program Files\dotnet;D:\apktool;D:\Program Files\apache-maven-3.9.5\bin;C:\Users\86182\AppData\Local\Microsoft\WindowsApps;D:\vscode\Microsoft VS Code\bin;C:\mingw64\bin;C:\Users\86182\AppData\Local\Programs\Python\Python310;C:\Users\86182\AppData\Local\Programs\Python\Python310\Scripts;C:\Users\86182\.vscode\mingw64\bin
USERNAME=86182
DISPLAY=:0.0
LC_ALL=en_US.UTF-8
TERM=xterm-256color
TMPDIR=C:\Users\86182\AppData\Local\Temp
OS=Windows_NT
PROCESSOR_IDENTIFIER=AMD64 Family 25 Model 80 Stepping 0, AuthenticAMD
TMP=C:\Users\86182\AppData\Local\Temp
TEMP=C:\Users\86182\AppData\Local\Temp


JNI global refs:

[error occurred during error reporting (JNI global references), id 0xc0000005, EXCEPTION_ACCESS_VIOLATION (0xc0000005) at pc=0x00007ff94d087a10]


---------------  S Y S T E M  ---------------

OS:
 Windows 11 , 64 bit Build 22621 (10.0.22621.2428)
OS uptime: 1 days 3:00 hours

CPU: total 16 (initial active 16) (16 cores per cpu, 2 threads per core) family 25 model 80 stepping 0 microcode 0x0, cx8, cmov, fxsr, ht, mmx, 3dnowpref, sse, sse2, sse3, ssse3, sse4a, sse4.1, sse4.2, popcnt, lzcnt, tsc, tscinvbit, avx, avx2, aes, erms, clmul, bmi1, bmi2, adx, sha, fma, vzeroupper, clflush, clflushopt

Memory: 4k page, system-wide physical 14198M (3209M free)
TotalPageFile size 19198M (AvailPageFile size 63M)
current process WorkingSet (physical memory assigned to process): 11M, peak: 11M
current process commit charge ("private bytes"): 70M, peak: 292M

vm_info: OpenJDK 64-Bit Server VM (17.0.6+0-b2043.56-10027231) for windows-amd64 JRE (17.0.6+0-b2043.56-10027231), built on Apr 28 2023 00:43:19 by "androidbuild" with MS VC++ 16.10 / 16.11 (VS2019)

END.
